Start testing: Apr 24 17:59 EDT
----------------------------------------------------------
1/3 Testing: unionfind
1/3 Test: unionfind
Command: "/Users/zacharykent/ParallelEgraph/cpp/build/unionfind_test"
Directory: /Users/zacharykent/ParallelEgraph/cpp/build
"unionfind" start time: Apr 24 17:59 EDT
Output:
----------------------------------------------------------
unionfind_test: PASS
<end of output>
Test time =   0.12 sec
----------------------------------------------------------
Test Passed.
"unionfind" end time: Apr 24 17:59 EDT
"unionfind" time elapsed: 00:00:00
----------------------------------------------------------

2/3 Testing: regression
2/3 Test: regression
Command: "/Users/zacharykent/ParallelEgraph/cpp/build/regression_test"
Directory: /Users/zacharykent/ParallelEgraph/cpp/build
"regression" start time: Apr 24 17:59 EDT
Output:
----------------------------------------------------------
regression_test: sequential=17/17 parallel=17/17
<end of output>
Test time =   0.16 sec
----------------------------------------------------------
Test Passed.
"regression" end time: Apr 24 17:59 EDT
"regression" time elapsed: 00:00:00
----------------------------------------------------------

3/3 Testing: parallel_close
3/3 Test: parallel_close
Command: "/Users/zacharykent/ParallelEgraph/cpp/build/parallel_close_test"
Directory: /Users/zacharykent/ParallelEgraph/cpp/build
"parallel_close" start time: Apr 24 17:59 EDT
Output:
----------------------------------------------------------
parallel_close_test: PASS (exp_n11 -> unsat via parallel_close)
<end of output>
Test time =   0.19 sec
----------------------------------------------------------
Test Passed.
"parallel_close" end time: Apr 24 17:59 EDT
"parallel_close" time elapsed: 00:00:00
----------------------------------------------------------

End testing: Apr 24 17:59 EDT
